INFO:2023-05-02 15:54:19,011:mmanager.log_keeper:Post usecase succeed with status code 201
INFO:2023-05-02 16:17:03,879:mmanager.log_keeper:Update usecase succeed with status code 200
INFO:2023-05-02 16:17:41,842:mmanager.log_keeper:Delete usecase succeed with status code 204
INFO:2023-05-02 16:18:13,195:mmanager.log_keeper:Post usecase succeed with status code 201
INFO:2023-05-02 16:24:50,325:mmanager.log_keeper:Model creation succeed with status code 201
INFO:2023-05-02 16:29:41,511:mmanager.log_keeper:Update model succeed with status code 200
INFO:2023-05-02 16:32:50,462:mmanager.log_keeper:Delete model succeed with status code 204
INFO:2023-05-02 16:35:25,203:mmanager.log_keeper:Model creation succeed with status code 201
INFO:2023-05-02 16:46:47,978:mmanager.log_keeper:Report Generation succeed with status code 201
INFO:2023-05-02 16:54:51,223:mmanager.log_keeper:Report Generation succeed with status code 201
ERROR:2023-05-02 18:50:04,477:mmanager.log_keeper:Expecting ',' delimiter: line 3 column 1 (char 58)
INFO:2023-05-02 18:50:04,862:mmanager.log_keeper:Model creation succeed with status code 201
INFO:2023-05-02 18:55:47,953:mmanager.log_keeper:Model creation succeed with status code 201
INFO:2023-05-03 14:37:00,149:mmanager.log_keeper:Report Generation succeed with status code 201
INFO:2023-05-05 11:30:57,969:mmanager.log_keeper:Post usecase succeed with status code 201
INFO:2023-05-05 11:32:52,818:mmanager.log_keeper:Update usecase succeed with status code 200
INFO:2023-05-05 11:37:42,211:mmanager.log_keeper:Delete usecase succeed with status code 204
INFO:2023-05-05 12:03:22,714:mmanager.log_keeper:Model creation succeed with status code 201
INFO:2023-05-05 12:21:17,953:mmanager.log_keeper:Model creation succeed with status code 201
INFO:2023-05-05 14:54:11,941:mmanager.log_keeper:Post usecase succeed with status code 201
ERROR:2023-05-05 14:56:35,032:mmanager.log_keeper:Update usecase failed with status code 404
INFO:2023-05-05 14:56:55,303:mmanager.log_keeper:Update usecase succeed with status code 200
INFO:2023-05-05 14:57:27,544:mmanager.log_keeper:Delete usecase failed with status code 404
INFO:2023-05-05 14:57:36,426:mmanager.log_keeper:Delete usecase succeed with status code 204
ERROR:2023-05-05 14:58:52,378:mmanager.log_keeper:Model creation failed with status code 500
INFO:2023-05-05 14:59:08,502:mmanager.log_keeper:Post usecase succeed with status code 201
INFO:2023-05-05 14:59:15,376:mmanager.log_keeper:Model creation succeed with status code 201
INFO:2023-05-05 14:59:59,303:mmanager.log_keeper:Update model succeed with status code 200
INFO:2023-05-05 15:00:15,910:mmanager.log_keeper:Delete model succeed with status code 204
INFO:2023-05-05 15:02:07,428:mmanager.log_keeper:Report Generation succeed with status code 201
INFO:2023-05-05 15:04:10,335:mmanager.log_keeper:Model creation succeed with status code 201
INFO:2023-05-19 10:45:11,126:mmanager.log_keeper:Report Generation succeed with status code 201
INFO:2023-05-19 10:46:36,413:mmanager.log_keeper:Report Generation succeed with status code 201
INFO:2023-05-19 10:47:36,927:mmanager.log_keeper:Report Generation succeed with status code 201
